[ERROR]: during executing openroad script /openlane/scripts/openroad/sta.tcl
[ERROR]: Exit code: 1
[ERROR]: full log: designs/usb/runs/prueba27/logs/synthesis/2-sta.log
[ERROR]: Last 10 lines:
                                 -0.33   data arrival time
-----------------------------------------------------------------------------
                                  0.09   slack (MET)


min_report_end
Error: sta.tcl, 117 invalid bareword "synthesis"
in expression "synthesis";
should be "$synthesis" or "{synthesis}" or "synthesis(...)" or ...
child process exited abnormally

[ERROR]: Failed to package reproducible.
[ERROR]: Flow failed.
[ERROR]: during executing openroad script /openlane/scripts/openroad/replace.tcl
[ERROR]: Exit code: 1
[ERROR]: full log: designs/usb/runs/prueba27/logs/placement/9-global.log
[ERROR]: Last 10 lines:
                                 14.67   data required time
                                 -1.84   data arrival time
-----------------------------------------------------------------------------
                                 12.83   slack (MET)


_1626_
[ERROR STA-0516] unsupported instance -filter expression.
Error: sta.tcl, 117 STA-0516
child process exited abnormally

[ERROR]: during executing openroad script /openlane/scripts/openroad/resizer.tcl
[ERROR]: Exit code: 1
[ERROR]: full log: designs/usb/runs/prueba27/logs/placement/10-resizer.log
[ERROR]: Last 10 lines:
                                 14.66   data required time
                                 -0.36   data arrival time
-----------------------------------------------------------------------------
                                 14.30   slack (MET)


_1597_
[ERROR STA-0516] unsupported instance -filter expression.
Error: sta.tcl, 117 STA-0516
child process exited abnormally

[ERROR]: during executing openroad script /openlane/scripts/openroad/cts.tcl
[ERROR]: Exit code: 1
[ERROR]: full log: designs/usb/runs/prueba27/logs/cts/13-cts.log
[ERROR]: Last 10 lines:
                                 15.08   data required time
                                 -0.77   data arrival time
-----------------------------------------------------------------------------
                                 14.31   slack (MET)


_1597_
[ERROR STA-0516] unsupported instance -filter expression.
Error: sta.tcl, 117 STA-0516
child process exited abnormally

[ERROR]: during executing openroad script /openlane/scripts/openroad/resizer_timing.tcl
[ERROR]: Exit code: 1
[ERROR]: full log: designs/usb/runs/prueba27/logs/cts/15-resizer.log
[ERROR]: Last 10 lines:
                                 15.08   data required time
                                 -1.34   data arrival time
-----------------------------------------------------------------------------
                                 13.74   slack (MET)


_1597_
[ERROR STA-0516] unsupported instance -filter expression.
Error: sta.tcl, 117 STA-0516
child process exited abnormally

[ERROR]: during executing openroad script /openlane/scripts/openroad/resizer_routing_timing.tcl
[ERROR]: Exit code: 1
[ERROR]: full log: designs/usb/runs/prueba27/logs/routing/17-resizer.log
[ERROR]: Last 10 lines:
                                 15.08   data required time
                                 -1.35   data arrival time
-----------------------------------------------------------------------------
                                 13.73   slack (MET)


_1597_
[ERROR STA-0516] unsupported instance -filter expression.
Error: sta.tcl, 117 STA-0516
child process exited abnormally

[ERROR]: during executing openroad script /openlane/scripts/openroad/groute.tcl
[ERROR]: Exit code: 1
[ERROR]: full log: designs/usb/runs/prueba27/logs/routing/20-global.log
[ERROR]: Last 10 lines:
                                 15.09   data required time
                                 -1.36   data arrival time
-----------------------------------------------------------------------------
                                 13.72   slack (MET)


_1597_
[ERROR STA-0516] unsupported instance -filter expression.
Error: sta.tcl, 117 STA-0516
child process exited abnormally

[ERROR]: during executing openroad script /openlane/scripts/openroad/sta.tcl
[ERROR]: Exit code: 1
[ERROR]: full log: designs/usb/runs/prueba27/logs/signoff/30-parasitics_sta.log
[ERROR]: Last 10 lines:
                                 15.08   data required time
                                 -1.34   data arrival time
-----------------------------------------------------------------------------
                                 13.74   slack (MET)


_1597_
[ERROR STA-0516] unsupported instance -filter expression.
Error: sta.tcl, 117 STA-0516
child process exited abnormally

