[ERROR]: during executing openroad script /openlane/scripts/openroad/sta.tcl
[ERROR]: Exit code: 1
[ERROR]: full log: designs/usb/runs/prueba14/logs/synthesis/2-sta.log
[ERROR]: Last 10 lines:
min_report_end
REPORTE_ANA

===========================================================================
report_checks -path_delay FF MIN (Hold)
============================================================================
[WARNING STA-0322] instance '.*sky130_fd_sc_hd__dfbbn_1.*' not found.
Error: sta.tcl, 113 missing operator at _@_
in expression "0_@_{"
child process exited abnormally

[ERROR]: Failed to package reproducible.
[ERROR]: Flow failed.
